\BOOKMARK [1][-]{section.1}{\376\377\225\356\230\230\166\204\200\314\146\157\116\016\221\315\217\360}{}% 1
\BOOKMARK [2][-]{subsection.1.1}{\376\377\225\356\230\230\166\204\200\314\146\157}{section.1}% 2
\BOOKMARK [2][-]{subsection.1.2}{\376\377\225\356\230\230\166\204\221\315\217\360}{section.1}% 3
\BOOKMARK [1][-]{section.2}{\376\377\225\356\230\230\122\006\147\220}{}% 4
\BOOKMARK [1][-]{section.3}{\376\377\152\041\127\213\120\107\213\276}{}% 5
\BOOKMARK [1][-]{section.4}{\376\377\173\046\123\367\213\364\146\016}{}% 6
\BOOKMARK [1][-]{section.5}{\376\377\145\160\143\156\230\204\131\004\164\006}{}% 7
\BOOKMARK [1][-]{section.6}{\376\377\152\041\127\213\166\204\136\372\172\313\116\016\154\102\211\343}{}% 8
\BOOKMARK [2][-]{subsection.6.1}{\376\377\225\356\230\230\116\000\152\041\127\213\166\204\136\372\172\313\116\016\154\102\211\343}{section.6}% 9
\BOOKMARK [3][-]{subsubsection.6.1.1}{\376\377\145\160\143\156\123\357\211\306\123\026}{subsection.6.1}% 10
\BOOKMARK [3][-]{subsubsection.6.1.2}{\376\377\377\010\173\054\116\000\134\017\225\356\377\011}{subsection.6.1}% 11
\BOOKMARK [4][-]{paragraph.6.1.2.1}{\376\377\152\041\127\213\166\204\136\372\172\313}{subsubsection.6.1.2}% 12
\BOOKMARK [4][-]{paragraph.6.1.2.2}{\376\377\176\323\147\234\123\312\122\006\147\220}{subsubsection.6.1.2}% 13
\BOOKMARK [3][-]{subsubsection.6.1.3}{\376\377\377\010\173\054\116\214\134\017\225\356\377\011}{subsection.6.1}% 14
\BOOKMARK [4][-]{paragraph.6.1.3.1}{\376\377\152\041\127\213\166\204\136\372\172\313}{subsubsection.6.1.3}% 15
\BOOKMARK [4][-]{paragraph.6.1.3.2}{\376\377\176\323\147\234\123\312\122\006\147\220}{subsubsection.6.1.3}% 16
\BOOKMARK [3][-]{subsubsection.6.1.4}{\376\377\377\010\210\145\121\105\121\205\133\271\377\011}{subsection.6.1}% 17
\BOOKMARK [2][-]{subsection.6.2}{\376\377\225\356\230\230\116\214\152\041\127\213\166\204\136\372\172\313\116\016\154\102\211\343}{section.6}% 18
\BOOKMARK [3][-]{subsubsection.6.2.1}{\376\377\000x\000x\152\041\127\213\166\204\136\372\172\313}{subsection.6.2}% 19
\BOOKMARK [3][-]{subsubsection.6.2.2}{\376\377\152\041\127\213\166\204\154\102\211\343}{subsection.6.2}% 20
\BOOKMARK [3][-]{subsubsection.6.2.3}{\376\377\152\041\127\213\166\204\176\323\147\234\116\016\122\006\147\220}{subsection.6.2}% 21
\BOOKMARK [2][-]{subsection.6.3}{\376\377\225\356\230\230\116\011\152\041\127\213\166\204\136\372\172\313\116\016\154\102\211\343}{section.6}% 22
\BOOKMARK [3][-]{subsubsection.6.3.1}{\376\377\000x\000x\166\204\377\010\142\337\124\010\377\011\152\041\127\213}{subsection.6.3}% 23
\BOOKMARK [3][-]{subsubsection.6.3.2}{\376\377\000x\000x\166\204\377\010\117\030\123\026\377\011\152\041\127\213}{subsection.6.3}% 24
\BOOKMARK [3][-]{subsubsection.6.3.3}{\376\377\176\323\147\234\166\204\133\371\153\324\122\006\147\220}{subsection.6.3}% 25
\BOOKMARK [3][-]{subsubsection.6.3.4}{\376\377\176\323\147\234\166\204\150\300\232\214}{subsection.6.3}% 26
\BOOKMARK [2][-]{subsection.6.4}{\376\377\225\356\230\230\126\333\166\204\122\006\147\220\211\343\121\263}{section.6}% 27
\BOOKMARK [1][-]{section.7}{\376\377\152\041\127\213\166\204\213\304\116\367\116\016\143\250\136\177}{}% 28
\BOOKMARK [2][-]{subsection.7.1}{\376\377\152\041\127\213\166\204\117\030\160\271}{section.7}% 29
\BOOKMARK [2][-]{subsection.7.2}{\376\377\152\041\127\213\166\204\177\072\160\271}{section.7}% 30
\BOOKMARK [2][-]{subsection.7.3}{\376\377\160\165\145\117\136\246\122\006\147\220}{section.7}% 31
\BOOKMARK [2][-]{subsection.7.4}{\376\377\152\041\127\213\166\204\143\250\136\177}{section.7}% 32
